<?xml version="1.0" encoding="UTF-8"?>
<testng-results skipped="0" failed="0" ignored="0" total="1" passed="1">
  <reporter-output>
  </reporter-output>
  <suite name="Default suite" duration-ms="7040" started-at="2021-01-21T22:33:15Z" finished-at="2021-01-21T22:33:22Z">
    <groups>
    </groups>
    <test name="Default test" duration-ms="7040" started-at="2021-01-21T22:33:15Z" finished-at="2021-01-21T22:33:22Z">
      <class name="test3.InterviewT">
        <test-method status="PASS" signature="open()[pri:0, instance:test3.InterviewT@46d56d67]" name="open" is-config="true" duration-ms="5997" started-at="2021-01-21T22:33:15Z" finished-at="2021-01-21T22:33:21Z">
          <reporter-output>
          </reporter-output>
        </test-method> <!-- open -->
        <test-method status="PASS" signature="start()[pri:0, instance:test3.InterviewT@46d56d67]" name="start" duration-ms="1029" started-at="2021-01-21T22:33:21Z" finished-at="2021-01-21T22:33:22Z">
          <reporter-output>
          </reporter-output>
        </test-method> <!-- start -->
      </class> <!-- test3.InterviewT -->
    </test> <!-- Default test -->
  </suite> <!-- Default suite -->
</testng-results>
